[2025-11-08T02:19:56.546+0000] {taskinstance.py:1979} INFO - Dependencies all met for dep_context=non-requeueable deps ti=<TaskInstance: pipeline.merge_apple_data manual__2025-11-08T02:19:04.885571+00:00 [queued]>
[2025-11-08T02:19:56.609+0000] {taskinstance.py:1979} INFO - Dependencies all met for dep_context=requeueable deps ti=<TaskInstance: pipeline.merge_apple_data manual__2025-11-08T02:19:04.885571+00:00 [queued]>
[2025-11-08T02:19:56.615+0000] {taskinstance.py:2193} INFO - Starting attempt 1 of 1
[2025-11-08T02:19:56.674+0000] {taskinstance.py:2217} INFO - Executing <Task(_PythonDecoratedOperator): merge_apple_data> on 2025-11-08 02:19:04.885571+00:00
[2025-11-08T02:19:56.705+0000] {standard_task_runner.py:60} INFO - Started process 44575 to run task
[2025-11-08T02:19:56.725+0000] {standard_task_runner.py:87} INFO - Running: ['***', 'tasks', 'run', 'pipeline', 'merge_apple_data', 'manual__2025-11-08T02:19:04.885571+00:00', '--job-id', '320', '--raw', '--subdir', 'DAGS_FOLDER/script.py', '--cfg-path', '/tmp/tmpubzsuxhf']
[2025-11-08T02:19:56.742+0000] {standard_task_runner.py:88} INFO - Job 320: Subtask merge_apple_data
[2025-11-08T02:19:56.998+0000] {task_command.py:423} INFO - Running <TaskInstance: pipeline.merge_apple_data manual__2025-11-08T02:19:04.885571+00:00 [running]> on host 62f94235b2dc
[2025-11-08T02:19:57.600+0000] {taskinstance.py:2513} INFO - Exporting env vars: AIRFLOW_CTX_DAG_OWNER='***' AIRFLOW_CTX_DAG_ID='pipeline' AIRFLOW_CTX_TASK_ID='merge_apple_data' AIRFLOW_CTX_EXECUTION_DATE='2025-11-08T02:19:04.885571+00:00' AIRFLOW_CTX_TRY_NUMBER='1' AIRFLOW_CTX_DAG_RUN_ID='manual__2025-11-08T02:19:04.885571+00:00'
[2025-11-08T02:19:57.718+0000] {taskinstance.py:2731} ERROR - Task failed with exception
Traceback (most recent call last):
  File "/home/airflow/.local/lib/python3.8/site-packages/airflow/models/taskinstance.py", line 444, in _execute_task
    result = _execute_callable(context=context, **execute_callable_kwargs)
  File "/home/airflow/.local/lib/python3.8/site-packages/airflow/models/taskinstance.py", line 414, in _execute_callable
    return execute_callable(context=context, **execute_callable_kwargs)
  File "/home/airflow/.local/lib/python3.8/site-packages/airflow/decorators/base.py", line 241, in execute
    return_value = super().execute(context)
  File "/home/airflow/.local/lib/python3.8/site-packages/airflow/operators/python.py", line 200, in execute
    return_value = self.execute_callable()
  File "/home/airflow/.local/lib/python3.8/site-packages/airflow/operators/python.py", line 217, in execute_callable
    return self.python_callable(*self.op_args, **self.op_kwargs)
  File "/opt/airflow/dags/script.py", line 101, in merge_apple_data
    products = pd.read_csv(products_path)
  File "/home/airflow/.local/lib/python3.8/site-packages/pandas/io/parsers/readers.py", line 912, in read_csv
    return _read(filepath_or_buffer, kwds)
  File "/home/airflow/.local/lib/python3.8/site-packages/pandas/io/parsers/readers.py", line 577, in _read
    parser = TextFileReader(filepath_or_buffer, **kwds)
  File "/home/airflow/.local/lib/python3.8/site-packages/pandas/io/parsers/readers.py", line 1407, in __init__
    self._engine = self._make_engine(f, self.engine)
  File "/home/airflow/.local/lib/python3.8/site-packages/pandas/io/parsers/readers.py", line 1661, in _make_engine
    self.handles = get_handle(
  File "/home/airflow/.local/lib/python3.8/site-packages/pandas/io/common.py", line 859, in get_handle
    handle = open(
FileNotFoundError: [Errno 2] No such file or directory: '/opt/airflow/data/product_no_launch.csv'
[2025-11-08T02:19:57.790+0000] {taskinstance.py:1149} INFO - Marking task as FAILED. dag_id=pipeline, task_id=merge_apple_data, execution_date=20251108T021904, start_date=20251108T021956, end_date=20251108T021957
[2025-11-08T02:19:57.878+0000] {standard_task_runner.py:107} ERROR - Failed to execute job 320 for task merge_apple_data ([Errno 2] No such file or directory: '/opt/airflow/data/product_no_launch.csv'; 44575)
[2025-11-08T02:19:57.967+0000] {local_task_job_runner.py:234} INFO - Task exited with return code 1
[2025-11-08T02:19:58.208+0000] {taskinstance.py:3312} INFO - 0 downstream tasks scheduled from follow-on schedule check
