[2025-11-07T01:49:57.219+0000] {taskinstance.py:1979} INFO - Dependencies all met for dep_context=non-requeueable deps ti=<TaskInstance: pipeline.load_csv_to_pg manual__2025-11-07T01:49:52.785061+00:00 [queued]>
[2025-11-07T01:49:57.235+0000] {taskinstance.py:1979} INFO - Dependencies all met for dep_context=requeueable deps ti=<TaskInstance: pipeline.load_csv_to_pg manual__2025-11-07T01:49:52.785061+00:00 [queued]>
[2025-11-07T01:49:57.236+0000] {taskinstance.py:2193} INFO - Starting attempt 1 of 1
[2025-11-07T01:49:57.264+0000] {taskinstance.py:2217} INFO - Executing <Task(_PythonDecoratedOperator): load_csv_to_pg> on 2025-11-07 01:49:52.785061+00:00
[2025-11-07T01:49:57.270+0000] {standard_task_runner.py:60} INFO - Started process 27549 to run task
[2025-11-07T01:49:57.273+0000] {standard_task_runner.py:87} INFO - Running: ['***', 'tasks', 'run', 'pipeline', 'load_csv_to_pg', 'manual__2025-11-07T01:49:52.785061+00:00', '--job-id', '75', '--raw', '--subdir', 'DAGS_FOLDER/script.py', '--cfg-path', '/tmp/tmp4xdotd9d']
[2025-11-07T01:49:57.275+0000] {standard_task_runner.py:88} INFO - Job 75: Subtask load_csv_to_pg
[2025-11-07T01:49:57.367+0000] {task_command.py:423} INFO - Running <TaskInstance: pipeline.load_csv_to_pg manual__2025-11-07T01:49:52.785061+00:00 [running]> on host 62f94235b2dc
[2025-11-07T01:49:57.521+0000] {taskinstance.py:2513} INFO - Exporting env vars: AIRFLOW_CTX_DAG_OWNER='***' AIRFLOW_CTX_DAG_ID='pipeline' AIRFLOW_CTX_TASK_ID='load_csv_to_pg' AIRFLOW_CTX_EXECUTION_DATE='2025-11-07T01:49:52.785061+00:00' AIRFLOW_CTX_TRY_NUMBER='1' AIRFLOW_CTX_DAG_RUN_ID='manual__2025-11-07T01:49:52.785061+00:00'
[2025-11-07T01:49:57.554+0000] {taskinstance.py:2731} ERROR - Task failed with exception
Traceback (most recent call last):
  File "/home/airflow/.local/lib/python3.8/site-packages/airflow/models/taskinstance.py", line 444, in _execute_task
    result = _execute_callable(context=context, **execute_callable_kwargs)
  File "/home/airflow/.local/lib/python3.8/site-packages/airflow/models/taskinstance.py", line 414, in _execute_callable
    return execute_callable(context=context, **execute_callable_kwargs)
  File "/home/airflow/.local/lib/python3.8/site-packages/airflow/decorators/base.py", line 241, in execute
    return_value = super().execute(context)
  File "/home/airflow/.local/lib/python3.8/site-packages/airflow/operators/python.py", line 200, in execute
    return_value = self.execute_callable()
  File "/home/airflow/.local/lib/python3.8/site-packages/airflow/operators/python.py", line 217, in execute_callable
    return self.python_callable(*self.op_args, **self.op_kwargs)
  File "/opt/airflow/dags/script.py", line 152, in load_csv_to_pg
    conn = hook.get_conn()
  File "/home/airflow/.local/lib/python3.8/site-packages/airflow/providers/postgres/hooks/postgres.py", line 131, in get_conn
    conn = deepcopy(self.connection or self.get_connection(conn_id))
  File "/home/airflow/.local/lib/python3.8/site-packages/airflow/hooks/base.py", line 82, in get_connection
    conn = Connection.get_connection_from_secrets(conn_id)
  File "/home/airflow/.local/lib/python3.8/site-packages/airflow/models/connection.py", line 514, in get_connection_from_secrets
    raise AirflowNotFoundException(f"The conn_id `{conn_id}` isn't defined")
airflow.exceptions.AirflowNotFoundException: The conn_id `Postgres` isn't defined
[2025-11-07T01:49:57.564+0000] {taskinstance.py:1149} INFO - Marking task as FAILED. dag_id=pipeline, task_id=load_csv_to_pg, execution_date=20251107T014952, start_date=20251107T014957, end_date=20251107T014957
[2025-11-07T01:49:57.596+0000] {standard_task_runner.py:107} ERROR - Failed to execute job 75 for task load_csv_to_pg (The conn_id `Postgres` isn't defined; 27549)
[2025-11-07T01:49:57.648+0000] {local_task_job_runner.py:234} INFO - Task exited with return code 1
[2025-11-07T01:49:57.690+0000] {taskinstance.py:3312} INFO - 0 downstream tasks scheduled from follow-on schedule check
