[2025-11-07T12:13:42.845+0000] {taskinstance.py:1979} INFO - Dependencies all met for dep_context=non-requeueable deps ti=<TaskInstance: pipeline.fetch_categories manual__2025-11-07T12:13:38.066429+00:00 [queued]>
[2025-11-07T12:13:42.861+0000] {taskinstance.py:1979} INFO - Dependencies all met for dep_context=requeueable deps ti=<TaskInstance: pipeline.fetch_categories manual__2025-11-07T12:13:38.066429+00:00 [queued]>
[2025-11-07T12:13:42.861+0000] {taskinstance.py:2193} INFO - Starting attempt 1 of 1
[2025-11-07T12:13:42.884+0000] {taskinstance.py:2217} INFO - Executing <Task(_PythonDecoratedOperator): fetch_categories> on 2025-11-07 12:13:38.066429+00:00
[2025-11-07T12:13:42.894+0000] {standard_task_runner.py:60} INFO - Started process 33088 to run task
[2025-11-07T12:13:42.902+0000] {standard_task_runner.py:87} INFO - Running: ['***', 'tasks', 'run', 'pipeline', 'fetch_categories', 'manual__2025-11-07T12:13:38.066429+00:00', '--job-id', '122', '--raw', '--subdir', 'DAGS_FOLDER/script.py', '--cfg-path', '/tmp/tmpjsql00yv']
[2025-11-07T12:13:42.908+0000] {standard_task_runner.py:88} INFO - Job 122: Subtask fetch_categories
[2025-11-07T12:13:43.037+0000] {task_command.py:423} INFO - Running <TaskInstance: pipeline.fetch_categories manual__2025-11-07T12:13:38.066429+00:00 [running]> on host 62f94235b2dc
[2025-11-07T12:13:43.329+0000] {taskinstance.py:2513} INFO - Exporting env vars: AIRFLOW_CTX_DAG_OWNER='***' AIRFLOW_CTX_DAG_ID='pipeline' AIRFLOW_CTX_TASK_ID='fetch_categories' AIRFLOW_CTX_EXECUTION_DATE='2025-11-07T12:13:38.066429+00:00' AIRFLOW_CTX_TRY_NUMBER='1' AIRFLOW_CTX_DAG_RUN_ID='manual__2025-11-07T12:13:38.066429+00:00'
[2025-11-07T12:13:43.345+0000] {taskinstance.py:2731} ERROR - Task failed with exception
Traceback (most recent call last):
  File "/home/airflow/.local/lib/python3.8/site-packages/airflow/models/taskinstance.py", line 444, in _execute_task
    result = _execute_callable(context=context, **execute_callable_kwargs)
  File "/home/airflow/.local/lib/python3.8/site-packages/airflow/models/taskinstance.py", line 414, in _execute_callable
    return execute_callable(context=context, **execute_callable_kwargs)
  File "/home/airflow/.local/lib/python3.8/site-packages/airflow/decorators/base.py", line 241, in execute
    return_value = super().execute(context)
  File "/home/airflow/.local/lib/python3.8/site-packages/airflow/operators/python.py", line 200, in execute
    return_value = self.execute_callable()
  File "/home/airflow/.local/lib/python3.8/site-packages/airflow/operators/python.py", line 217, in execute_callable
    return self.python_callable(*self.op_args, **self.op_kwargs)
  File "/opt/airflow/dags/script.py", line 31, in fetch_categories
    raise FileNotFoundError(f"categories.csv not found at {category_file_path}")
FileNotFoundError: categories.csv not found at /opt/***/data/categories.csv
[2025-11-07T12:13:43.409+0000] {taskinstance.py:1149} INFO - Marking task as FAILED. dag_id=pipeline, task_id=fetch_categories, execution_date=20251107T121338, start_date=20251107T121342, end_date=20251107T121343
[2025-11-07T12:13:43.444+0000] {standard_task_runner.py:107} ERROR - Failed to execute job 122 for task fetch_categories (categories.csv not found at /opt/***/data/categories.csv; 33088)
[2025-11-07T12:13:43.501+0000] {local_task_job_runner.py:234} INFO - Task exited with return code 1
[2025-11-07T12:13:43.542+0000] {taskinstance.py:3312} INFO - 0 downstream tasks scheduled from follow-on schedule check
